make all --print-data-base --no-builtin-variables --no-builtin-rules --question
make: *** No rule to make target 'all'.  Stop.

# GNU Make 4.3
# Built for x86_64-pc-linux-gnu
# Copyright (C) 1988-2020 Free Software Foundation, Inc.
# License GPLv3+: GNU GPL version 3 or later <http://gnu.org/licenses/gpl.html>
# This is free software: you are free to change and redistribute it.
# There is NO WARRANTY, to the extent permitted by law.

# Make data base, printed on Mon May  9 22:41:23 2022

# Variables

# environment
REMOTE_CONTAINERS_SOCKETS = ["/tmp/vscode-ssh-auth-307de22bd6d7fda9afef522b754134be5cbf7e37.sock","/home/developer/.gnupg/S.gpg-agent"]
# environment
LC_ALL = C
# environment
VSCODE_CWD = /vscode/vscode-server/bin/linux-x64/57fd6d0195bb9b9d1b49f6da5db789060795de47
# default
MAKE_COMMAND := make
# environment
VSCODE_HANDLES_SIGPIPE = true
# environment
GOPATH = /home/developer/opt/goenv
# automatic
@D = $(patsubst %/,%,$(dir $@))
# environment
VSCODE_HANDLES_UNCAUGHT_ERRORS = true
# default
.VARIABLES := 
# environment
PWD = /home/developer/tagioalisi
# automatic
%D = $(patsubst %/,%,$(dir $%))
# environment
HOSTNAME = 182833f253c2
# environment
MIGRATION_DIR = ./db/migration
# automatic
^D = $(patsubst %/,%,$(dir $^))
# environment
VSCODE_LOG_STACK = false
# automatic
%F = $(notdir $%)
# environment
OAUTH_CLIENT_SECRET = 
# environment
OAUTH_CLIENT_ID = 
# environment
OAUTH_AUTH_ENDPOINT = https://discordapp.com/api/oauth2/authorize
# environment
LANG = C
# environment
JWT_HMAC_SECRET = supersecret
# default
.LOADED := 
# default
.INCLUDE_DIRS = /usr/local/include /usr/include /usr/include
# makefile
MAKEFLAGS = pqrR
# makefile
CURDIR := /home/developer/tagioalisi
# environment
VSCODE_PIPE_LOGGING = true
# environment
APPLICATION_INSIGHTS_NO_DIAGNOSTIC_CHANNEL = true
# automatic
*D = $(patsubst %/,%,$(dir $*))
# environment
PORT = 80
# environment
MFLAGS = -pqrR
# environment
SSH_AUTH_SOCK = /tmp/vscode-ssh-auth-307de22bd6d7fda9afef522b754134be5cbf7e37.sock
# default
.SHELLFLAGS := -c
# automatic
+D = $(patsubst %/,%,$(dir $+))
# makefile
MAKEFILE_LIST := 
# automatic
@F = $(notdir $@)
# environment
WEB_SECRET = secret123
# environment
VSCODE_VERBOSE_LOGGING = true
# automatic
?D = $(patsubst %/,%,$(dir $?))
# automatic
*F = $(notdir $*)
# automatic
<D = $(patsubst %/,%,$(dir $<))
# environment
VSCODE_NLS_CONFIG = {"locale":"en","availableLanguages":{}}
# default
MAKE_HOST := x86_64-pc-linux-gnu
# makefile
SHELL = /bin/sh
# environment
BLACKLIST_BOT_MODULES = 
# default
MAKECMDGOALS := all
# environment
SHLVL = 1
# environment
MAKELEVEL := 0
# default
MAKE = $(MAKE_COMMAND)
# environment
PATH = /vscode/vscode-server/bin/linux-x64/57fd6d0195bb9b9d1b49f6da5db789060795de47/bin/remote-cli:/usr/local/sbin:/usr/local/bin:/usr/sbin:/usr/bin:/sbin:/bin:/home/developer/opt/goenv/bin:/home/developer/opt/go/bin:/home/developer/opt/node/bin
# default
MAKEFILES := 
# automatic
^F = $(notdir $^)
# environment
VSCODE_LOG_NATIVE = false
# environment
REMOTE_CONTAINERS_IPC = /tmp/vscode-remote-containers-ipc-307de22bd6d7fda9afef522b754134be5cbf7e37.sock
# environment
REMOTE_CONTAINERS = true
# automatic
?F = $(notdir $?)
# environment
LS_COLORS = 
# automatic
+F = $(notdir $+)
# 'override' directive
GNUMAKEFLAGS := 
# environment
BROWSER = /vscode/vscode-server/bin/linux-x64/57fd6d0195bb9b9d1b49f6da5db789060795de47/bin/helpers/browser.sh
# environment
MERRIAM_WEBSTER_DICTIONARY_KEY = XXXXXXXXXXXXXXXXXXXX
# makefile
.DEFAULT_GOAL := 
# default
MAKE_VERSION := 4.3
# environment
OAUTH_REDIRECT_URL = 
# environment
VSCODE_EXTHOST_WILL_SEND_SOCKET = true
# environment
VSCODE_AGENT_FOLDER = /home/developer/.vscode-server
# environment
_ = /bin/cat
# environment
VSCODE_IPC_HOOK_CLI = /tmp/vscode-ipc-42a09757-c71d-4c9c-80cd-8d8dccdf2781.sock
# environment
GOMODCACHE = /home/developer/opt/goenv/pkg/mod
# environment
VSCODE_AMD_ENTRYPOINT = vs/workbench/api/node/extensionHostProcess
# environment
OAUTH_TOKEN_ENDPOINT = https://discordapp.com/api/oauth2/token
# environment
HOME = /home/developer
# environment
AZURE_NEWS_SEARCH_KEY = XXXXXXXXXXXXXXXX
# environment
GOPROXY = https://proxy.golang.org,direct
# default
.RECIPEPREFIX := 
# automatic
<F = $(notdir $<)
# default
SUFFIXES := 
# environment
AES_KEY_B64 = zvFXk6LbvG5jTG7JlGBQ57MdqUwjdS/wH3gVWXkSOUU=
# environment
DATABASE_URL = postgres://tagi:secret@db:5432/tagi?sslmode=disable
# default
.FEATURES := target-specific order-only second-expansion else-if shortest-stem undefine oneshell nocomment grouped-target extra-prereqs archives jobserver output-sync check-symlink load
# environment
DISCORD_LOG_CHANNEL = 327526752203177984
# environment
WEB_ENABLED = true
# variable set hash-table stats:
# Load=81/1024=8%, Rehash=0, Collisions=2/108=2%

# Pattern-specific Variable Values

# No pattern-specific variable values.

# Directories

# . (device 64768, inode 3194971): 16 files, no impossibilities.

# 16 files, no impossibilities in 1 directories.

# Implicit Rules

# No implicit rules.

# Files

# Not a target:
Makefile:
#  Implicit rule search has been done.
#  File does not exist.
#  File has been updated.
#  Failed to be updated.

# Not a target:
.DEFAULT:
#  Implicit rule search has not been done.
#  Modification time never checked.
#  File has not been updated.

# Not a target:
all:
#  Command line target.
#  Implicit rule search has been done.
#  File does not exist.
#  File has not been updated.

# Not a target:
makefile:
#  Implicit rule search has been done.
#  File does not exist.
#  File has been updated.
#  Failed to be updated.

# Not a target:
GNUmakefile:
#  Implicit rule search has been done.
#  File does not exist.
#  File has been updated.
#  Failed to be updated.

# files hash-table stats:
# Load=6/1024=1%, Rehash=0, Collisions=0/15=0%
# VPATH Search Paths

# No 'vpath' search paths.

# No general ('VPATH' variable) search path.

# strcache buffers: 1 (0) / strings = 24 / storage = 244 B / avg = 10 B
# current buf: size = 8162 B / used = 244 B / count = 24 / avg = 10 B

# strcache performance: lookups = 27 / hit rate = 11%
# hash-table stats:
 
# Load=24/8192=0%, Rehash=0, Collisions=0/27=0%
# Finished Make data base on Mon May  9 22:41:23 2022

 
